Log file open, 08/11/17 18:51:59
LogWindows: LoadLibraryWithSearchPaths failed for file aqProf.dll. GetLastError=0
LogWindows: LoadLibraryWithSearchPaths failed for file VtuneApi.dll. GetLastError=0
LogWindows: LoadLibraryWithSearchPaths failed for file VtuneApi32e.dll. GetLastError=0
LogInit: Display: Running engine for game: Pinball
LogPlatformFile: Not using cached read wrapper
LogInit: Display: RandInit(-401302595) SRandInit(-401302595).
LogTaskGraph: Started task graph with 5 named threads and 14 total threads with 3 sets of task threads.
LogStats: Stats thread started at 0.217853
LogD3D11RHI: Aftermath initialized
LogPluginManager: Mounting plugin Paper2D
LogPluginManager: Mounting plugin LightPropagationVolume
LogPluginManager: Mounting plugin CodeLiteSourceCodeAccess
LogPluginManager: Mounting plugin GitSourceControl
LogPluginManager: Mounting plugin KDevelopSourceCodeAccess
LogPluginManager: Mounting plugin NullSourceCodeAccess
LogPluginManager: Mounting plugin PerforceSourceControl
LogPluginManager: Mounting plugin SubversionSourceControl
LogPluginManager: Mounting plugin UObjectPlugin
LogPluginManager: Mounting plugin VisualStudioSourceCodeAccess
LogPluginManager: Mounting plugin XCodeSourceCodeAccess
LogPluginManager: Mounting plugin AssetManagerEditor
LogPluginManager: Mounting plugin AudioCapture
LogPluginManager: Mounting plugin FacialAnimation
LogPluginManager: Mounting plugin GameplayTagsEditor
LogPluginManager: Mounting plugin MobileLauncherProfileWizard
LogPluginManager: Mounting plugin PluginBrowser
LogPluginManager: Mounting plugin SpeedTreeImporter
LogPluginManager: Mounting plugin AlembicImporter
LogPluginManager: Mounting plugin CharacterAI
LogPluginManager: Mounting plugin HTML5Networking
LogPluginManager: Mounting plugin AndroidMedia
LogPluginManager: Mounting plugin AvfMedia
LogPluginManager: Mounting plugin MediaPlayerEditor
LogPluginManager: Mounting plugin WmfMedia
LogPluginManager: Mounting plugin TcpMessaging
LogPluginManager: Mounting plugin UdpMessaging
LogPluginManager: Mounting plugin LevelSequenceEditor
LogPluginManager: Mounting plugin MatineeToLevelSequence
LogPluginManager: Mounting plugin OnlineSubsystemGooglePlay
LogPluginManager: Mounting plugin OnlineSubsystemIOS
LogPluginManager: Mounting plugin OnlineSubsystem
LogPluginManager: Mounting plugin OnlineSubsystemNull
LogPluginManager: Mounting plugin OnlineSubsystemUtils
LogPluginManager: Mounting plugin AndroidDeviceProfileSelector
LogPluginManager: Mounting plugin AndroidMoviePlayer
LogPluginManager: Mounting plugin AndroidPermission
LogPluginManager: Mounting plugin AppleMoviePlayer
LogPluginManager: Mounting plugin ArchVisCharacter
LogPluginManager: Mounting plugin CableComponent
LogPluginManager: Mounting plugin CustomMeshComponent
LogPluginManager: Mounting plugin ExampleDeviceProfileSelector
LogPluginManager: Mounting plugin GoogleCloudMessaging
LogPluginManager: Mounting plugin ImmediatePhysics
LogPluginManager: Mounting plugin IOSDeviceProfileSelector
LogPluginManager: Mounting plugin LinuxDeviceProfileSelector
LogPluginManager: Mounting plugin LocationServicesBPLibrary
LogPluginManager: Mounting plugin MobilePatchingUtils
LogPluginManager: Mounting plugin OculusVR
LogPluginManager: Mounting plugin PhysXVehicles
LogPluginManager: Mounting plugin ProceduralMeshComponent
LogPluginManager: Mounting plugin RuntimePhysXCooking
LogPluginManager: Mounting plugin SteamVR
LogPluginManager: Mounting plugin WindowsMoviePlayer
LogInit: Using libcurl 7.47.1
LogInit:  - built for x86_64-pc-win32
LogInit:  - supports SSL with OpenSSL/1.0.2g
LogInit:  - supports HTTP deflate (compression) using libz 1.2.8
LogInit:  - other features:
LogInit:      CURL_VERSION_SSL
LogInit:      CURL_VERSION_LIBZ
LogInit:      CURL_VERSION_IPV6
LogInit:      CURL_VERSION_ASYNCHDNS
LogInit:      CURL_VERSION_LARGEFILE
LogInit:      CURL_VERSION_IDN
LogInit:  CurlRequestOptions (configurable via config and command line):
LogInit:  - bVerifyPeer = false  - Libcurl will NOT verify peer certificate
LogInit:  - bUseHttpProxy = false  - Libcurl will NOT use HTTP proxy
LogInit:  - bDontReuseConnections = false  - Libcurl will reuse connections
LogInit:  - CertBundlePath = nullptr  - Libcurl will use whatever was configured at build time.
LogInit: Build: ++UE4+Release-4.17-CL-3573198
LogInit: Engine Version: 4.17.0-3573198+++UE4+Release-4.17
LogInit: Compatible Engine Version: 4.17.0-3573198+++UE4+Release-4.17
LogInit: Net CL: 3573198
LogDevObjectVersion: Number of dev versions registered: 16
LogDevObjectVersion:   Dev-Blueprints (B0D832E4-1F89-4F0D-ACCF-7EB736FD4AA2): 10
LogDevObjectVersion:   Dev-Build (E1C64328-A22C-4D53-A36C-8E866417BD8C): 0
LogDevObjectVersion:   Dev-Core (375EC13C-06E4-48FB-B500-84F0262A717E): 2
LogDevObjectVersion:   Dev-Editor (E4B068ED-F494-42E9-A231-DA0B2E46BB41): 20
LogDevObjectVersion:   Dev-Framework (CFFC743F-43B0-4480-9391-14DF171D2073): 28
LogDevObjectVersion:   Dev-Mobile (B02B49B5-BB20-44E9-A304-32B752E40360): 0
LogDevObjectVersion:   Dev-Networking (A4E4105C-59A1-49B5-A7C5-40C4547EDFEE): 0
LogDevObjectVersion:   Dev-Online (39C831C9-5AE6-47DC-9A44-9C173E1C8E7C): 0
LogDevObjectVersion:   Dev-Physics (78F01B33-EBEA-4F98-B9B4-84EACCB95AA2): 0
LogDevObjectVersion:   Dev-Platform (6631380F-2D4D-43E0-8009-CF276956A95A): 0
LogDevObjectVersion:   Dev-Rendering (12F88B9F-8875-4AFC-A67C-D90C383ABD29): 19
LogDevObjectVersion:   Dev-Sequencer (7B5AE74C-D270-4C10-A958-57980B212A5A): 4
LogDevObjectVersion:   Dev-VR (D7296918-1DD6-4BDD-9DE2-64A83CC13884): 0
LogDevObjectVersion:   Dev-LoadTimes (C2A15278-BFE7-4AFE-6C17-90FF531DF755): 1
LogDevObjectVersion:   Private-Geometry (6EACA3D4-40EC-4CC1-B786-8BED09428FC5): 1
LogDevObjectVersion:   Dev-AnimPhys (29E575DD-E0A3-4627-9D10-D276232CDCEA): 7
LogInit: Compiled (64-bit): Aug  4 2017 16:30:33
LogInit: Compiled with Visual C++: 19.00.24215.01
LogInit: Build Configuration: Development
LogInit: Branch Name: ++UE4+Release-4.17
LogInit: Command line: -EpicPortal 
LogInit: Base directory: D:/Games/UE_4.17/Engine/Binaries/Win64/
LogInit: Installed Engine Build: 1
LogInit: Presizing for max 8388607 objects, including 0 objects not considered by GC, pre-allocating 0 bytes for permanent pool.
LogInit: Object subsystem initialized
[2017.08.12-00.52.00:140][  0]LogInit: Selected Device Profile: [Windows]
[2017.08.12-00.52.00:140][  0]LogInit: Applying CVar settings loaded from the selected device profile: [Windows]
[2017.08.12-00.52.00:150][  0]LogInit: Computer: DESKTOP-PMHJM1T
[2017.08.12-00.52.00:150][  0]LogInit: User: nate
[2017.08.12-00.52.00:150][  0]LogInit: CPU Page size=4096, Cores=4
[2017.08.12-00.52.00:150][  0]LogInit: High frequency timer resolution =3.117191 MHz
[2017.08.12-00.52.00:150][  0]LogMemory: Memory total: Physical=15.9GB (16GB approx)
[2017.08.12-00.52.00:150][  0]LogMemory: Platform Memory Stats for Windows
[2017.08.12-00.52.00:150][  0]LogMemory: Process Physical Memory: 277.12 MB used, 277.12 MB peak
[2017.08.12-00.52.00:150][  0]LogMemory: Process Virtual Memory: 274.03 MB used, 274.03 MB peak
[2017.08.12-00.52.00:150][  0]LogMemory: Physical Memory: 8568.47 MB used,  7760.14 MB free, 16328.61 MB total
[2017.08.12-00.52.00:150][  0]LogMemory: Virtual Memory: 667.70 MB used,  7760.14 MB free, 134217728.00 MB total
[2017.08.12-00.52.00:298][  0]LogInit: Using OS detected language (en-US).
[2017.08.12-00.52.00:298][  0]LogInit: Using OS detected locale (en-US).
[2017.08.12-00.52.00:301][  0]LogTextLocalizationManager: No specific localization for 'en-US' exists, so the 'en' localization will be used.
[2017.08.12-00.52.00:995][  0]LogD3D11RHI: D3D11 adapters:
[2017.08.12-00.52.01:639][  0]LogD3D11RHI:    0. 'NVIDIA GeForce GTX 970' (Feature Level 11_0)
[2017.08.12-00.52.01:639][  0]LogD3D11RHI:       4058/0/8164 MB DedicatedVideo/DedicatedSystem/SharedSystem, Outputs:2, VendorId:0x10de
[2017.08.12-00.52.01:641][  0]LogD3D11RHI:    1. 'Microsoft Basic Render Driver' (Feature Level 11_0)
[2017.08.12-00.52.01:641][  0]LogD3D11RHI:       0/0/8164 MB DedicatedVideo/DedicatedSystem/SharedSystem, Outputs:0, VendorId:0x1414
[2017.08.12-00.52.01:641][  0]LogD3D11RHI: Chosen D3D11 Adapter: 0
[2017.08.12-00.52.01:648][  0]LogD3D11RHI: Creating new Direct3DDevice
[2017.08.12-00.52.01:648][  0]LogD3D11RHI:     GPU DeviceId: 0x13c2 (for the marketing name, search the web for "GPU Device Id")
[2017.08.12-00.52.01:648][  0]LogWindows: EnumDisplayDevices:
[2017.08.12-00.52.01:648][  0]LogWindows:    0. 'NVIDIA GeForce GTX 970' (P:1 D:1)
[2017.08.12-00.52.01:648][  0]LogWindows:    1. 'NVIDIA GeForce GTX 970' (P:0 D:1)
[2017.08.12-00.52.01:648][  0]LogWindows:    2. 'NVIDIA GeForce GTX 970' (P:0 D:0)
[2017.08.12-00.52.01:649][  0]LogWindows:    3. 'NVIDIA GeForce GTX 970' (P:0 D:0)
[2017.08.12-00.52.01:649][  0]LogWindows: DebugString: FoundDriverCount:4 
[2017.08.12-00.52.01:649][  0]LogD3D11RHI:     Adapter Name: NVIDIA GeForce GTX 970
[2017.08.12-00.52.01:649][  0]LogD3D11RHI:   Driver Version: 384.94 (internal:22.21.13.8494, unified:384.94)
[2017.08.12-00.52.01:649][  0]LogD3D11RHI:      Driver Date: 7-18-2017
[2017.08.12-00.52.01:649][  0]LogRHI: Texture pool is 1361 MB (70% of 1945 MB)
[2017.08.12-00.52.02:296][  0]LogD3D11RHI: Async texture creation enabled
[2017.08.12-00.52.02:438][  0]LogD3D11RHI: GPU Timing Frequency: 1000.000000 (Debug: 2 2)
[2017.08.12-00.52.02:485][  0]LogShaderCompilers: Guid format shader working directory is -7 characters bigger than the processId version (C:/Users/nate/Documents/UnrealEngine/Pinball/Pinball/Intermediate/Shaders/WorkingDirectory/4408/).
[2017.08.12-00.52.02:486][  0]LogShaderCompilers: Cleaned the shader compiler working directory 'C:/Users/nate/AppData/Local/Temp/UnrealShaderWorkingDir/38D0417044D67D3EF93FE7B3DBF20487/'.
[2017.08.12-00.52.02:486][  0]LogShaderCompilers: Display: Using Local Shader Compiler.
[2017.08.12-00.52.03:372][  0]LogTemp: Display: Loaded TP AllDesktopTargetPlatform
[2017.08.12-00.52.03:425][  0]LogTemp: Display: Loaded TP MacClientTargetPlatform
[2017.08.12-00.52.03:466][  0]LogTemp: Display: Loaded TP MacNoEditorTargetPlatform
[2017.08.12-00.52.03:501][  0]LogTemp: Display: Loaded TP MacServerTargetPlatform
[2017.08.12-00.52.03:538][  0]LogTemp: Display: Loaded TP MacTargetPlatform
[2017.08.12-00.52.03:575][  0]LogTemp: Display: Loaded TP WindowsClientTargetPlatform
[2017.08.12-00.52.03:614][  0]LogTemp: Display: Loaded TP WindowsNoEditorTargetPlatform
[2017.08.12-00.52.03:651][  0]LogTemp: Display: Loaded TP WindowsServerTargetPlatform
[2017.08.12-00.52.03:694][  0]LogTemp: Display: Loaded TP WindowsTargetPlatform
[2017.08.12-00.52.03:731][  0]LogTemp: Display: Loaded TP AndroidTargetPlatform
[2017.08.12-00.52.03:767][  0]LogTemp: Display: Loaded TP Android_ASTCTargetPlatform
[2017.08.12-00.52.03:809][  0]LogTemp: Display: Loaded TP Android_ATCTargetPlatform
[2017.08.12-00.52.03:863][  0]LogTemp: Display: Loaded TP Android_DXTTargetPlatform
[2017.08.12-00.52.03:907][  0]LogTemp: Display: Loaded TP Android_ETC1TargetPlatform
[2017.08.12-00.52.03:954][  0]LogTemp: Display: Loaded TP Android_ETC2TargetPlatform
[2017.08.12-00.52.04:034][  0]LogTemp: Display: Loaded TP Android_MultiTargetPlatform
[2017.08.12-00.52.04:034][  0]LogTemp: Display: Loaded TP Android_PVRTCTargetPlatform
[2017.08.12-00.52.04:066][  0]LogTemp: Display: Loaded TP HTML5TargetPlatform
[2017.08.12-00.52.04:145][  0]LogTemp: Display: Loaded TP IOSTargetPlatform
[2017.08.12-00.52.04:173][  0]LogTemp: Display: Loaded TP TVOSTargetPlatform
[2017.08.12-00.52.04:215][  0]LogTemp: Display: Loaded TP LinuxClientTargetPlatform
[2017.08.12-00.52.04:258][  0]LogTemp: Display: Loaded TP LinuxNoEditorTargetPlatform
[2017.08.12-00.52.04:298][  0]LogTemp: Display: Loaded TP LinuxServerTargetPlatform
[2017.08.12-00.52.04:335][  0]LogTemp: Display: Loaded TP LinuxTargetPlatform
[2017.08.12-00.52.04:335][  0]LogTargetPlatformManager: Display: Building Assets For Windows
[2017.08.12-00.52.04:701][  0]LogDerivedDataCache: Display: Max Cache Size: 512 MB
[2017.08.12-00.52.04:817][  0]LogDerivedDataCache: Loaded boot cache 0.12s 93MB C:/Users/nate/AppData/Local/UnrealEngine/4.17/DerivedDataCache/Boot.ddc.
[2017.08.12-00.52.04:817][  0]LogDerivedDataCache: Display: Loaded Boot cache: C:/Users/nate/AppData/Local/UnrealEngine/4.17/DerivedDataCache/Boot.ddc
[2017.08.12-00.52.04:817][  0]LogDerivedDataCache: FDerivedDataBackendGraph:  Pak pak cache file C:/Users/nate/Documents/UnrealEngine/Pinball/Pinball/DerivedDataCache/DDC.ddp not found, will not use a pak cache.
[2017.08.12-00.52.04:817][  0]LogDerivedDataCache: Unable to find inner node Pak for hierarchical cache Hierarchy.
[2017.08.12-00.52.04:817][  0]LogDerivedDataCache: FDerivedDataBackendGraph:  CompressedPak pak cache file C:/Users/nate/Documents/UnrealEngine/Pinball/Pinball/DerivedDataCache/Compressed.ddp not found, will not use a pak cache.
[2017.08.12-00.52.04:817][  0]LogDerivedDataCache: Unable to find inner node CompressedPak for hierarchical cache Hierarchy.
[2017.08.12-00.52.04:834][  0]LogDerivedDataCache: Display: Pak cache opened for reading ../../../Engine/DerivedDataCache/Compressed.ddp.
[2017.08.12-00.52.04:846][  0]LogDerivedDataCache: Using Local data cache path C:/Users/nate/AppData/Local/UnrealEngine/Common/DerivedDataCache: Writable
[2017.08.12-00.52.04:857][  0]LogMaterial: Verifying Global Shaders for PCD3D_SM5
[2017.08.12-00.52.04:858][  0]LogSlate: Using Freetype 2.6.0
[2017.08.12-00.52.04:858][  0]LogSlate: SlateFontCache - WITH_FREETYPE: 1, WITH_HARFBUZZ: 1
[2017.08.12-00.52.04:858][  0]LogSlate: SlateFontCache - WITH_FREETYPE: 1, WITH_HARFBUZZ: 1
[2017.08.12-00.52.05:112][  0]LogAssetRegistry: FAssetRegistry took 0.0363 seconds to start up
[2017.08.12-00.52.05:273][  0]LogInit: Selected Device Profile: [Windows]
[2017.08.12-00.52.05:591][  0]LogSimplygon: Simplygon DLL not present - disabling.
[2017.08.12-00.52.05:617][  0]LogMeshReduction: Using SimplygonSwarm for distributed automatic mesh merging
[2017.08.12-00.52.05:617][  0]LogMeshReduction: Using QuadricMeshReduction for automatic static mesh reduction
[2017.08.12-00.52.05:617][  0]LogMeshReduction: No automatic skeletal mesh reduction module available
[2017.08.12-00.52.05:617][  0]LogMeshReduction: No automatic mesh merging module available
[2017.08.12-00.52.05:617][  0]LogMeshMerging: No automatic mesh merging module available
[2017.08.12-00.52.05:623][  0]LogContentStreaming: Texture pool size is 0.00 MB
[2017.08.12-00.52.06:099][  0]LogNetVersion: Pinball , NetCL: 3573198, EngineNetVer: 2, GameNetVer: 0 (Checksum: 3844490928)
[2017.08.12-00.52.06:273][  0]LogPackageLocalizationCache: Processed 5 localized package path(s) for 2 prioritized culture(s) in 0.041384 seconds
[2017.08.12-00.52.06:279][  0]LogUObjectArray: 35825 objects as part of root set at end of initial load.
[2017.08.12-00.52.06:279][  0]LogUObjectAllocator: 7529104 out of 0 bytes used by permanent object pool.
[2017.08.12-00.52.06:279][  0]LogUObjectArray: CloseDisregardForGC: 0/0 objects in disregard for GC pool
[2017.08.12-00.52.06:325][  0]LogInit: WinSock: version 1.1 (2.2), MaxSocks=32767, MaxUdp=65467
[2017.08.12-00.52.09:023][  0]LogTcpMessaging: Initializing TcpMessaging bridge
[2017.08.12-00.52.09:053][  0]LogUdpMessaging: Initializing bridge on interface 0.0.0.0:0 to multicast group 230.0.0.1:6666.
[2017.08.12-00.52.09:634][  0]LogMaterial: Uniform references updated for custom material expression Custom.
[2017.08.12-00.52.09:925][  0]SourceControl: Source control is disabled
[2017.08.12-00.52.09:925][  0]SourceControl: Source control is disabled
[2017.08.12-00.52.09:978][  0]SourceControl: Source control is disabled
[2017.08.12-00.52.10:010][  0]SourceControl: Source control is disabled
[2017.08.12-00.52.10:393][  0]LogAndroidPermission: UAndroidPermissionCallbackProxy::GetInstance
[2017.08.12-00.52.10:548][  0]LogOcInput: OculusInput pre-init called
[2017.08.12-00.52.10:726][  0]LogEngine: Initializing Engine...
[2017.08.12-00.52.10:728][  0]LogHMD: Failed to initialize OpenVR with code 110
[2017.08.12-00.52.10:949][  0]LogStats: UGameplayTagsManager::ConstructGameplayTagTree: Construct from data asset -  0.000 s
[2017.08.12-00.52.10:949][  0]LogStats: UGameplayTagsManager::ConstructGameplayTagTree: GameplayTagTreeChangedEvent.Broadcast -  0.000 s
[2017.08.12-00.52.11:036][  0]LogAIModule: Creating AISystem for world Untitled
[2017.08.12-00.52.11:045][  0]LogInit: XAudio2 using 'Speakers (Realtek High Definition Audio)' : 2 channels at 48 kHz using 32 bits per sample (channel mask 0x3)
[2017.08.12-00.52.11:065][  0]LogInit: FAudioDevice initialized.
[2017.08.12-00.52.11:126][  0]LogDerivedDataCache: Saved boot cache 0.06s 93MB C:/Users/nate/AppData/Local/UnrealEngine/4.17/DerivedDataCache/Boot.ddc.
[2017.08.12-00.52.11:135][  0]LogInit: Texture streaming: Enabled
[2017.08.12-00.52.11:219][  0]LogEngineSessionManager: EngineSessionManager initialized
[2017.08.12-00.52.11:414][  0]LogInit: Transaction tracking system initialized
[2017.08.12-00.52.11:608][  0]BlueprintLog: New page: Editor Load
[2017.08.12-00.52.12:192][  0]LocalizationService: Localization service is disabled
[2017.08.12-00.52.12:642][  0]LogConsoleResponse: Display: 
[2017.08.12-00.52.12:871][  0]LogFileCache: Scanning file cache for directory 'C:/Users/nate/Documents/UnrealEngine/Pinball/Pinball/Content/' took 0.01s
[2017.08.12-00.52.12:871][  0]LogCook: Display: Max memory allowance for cook 16384mb min free memory 0mb
[2017.08.12-00.52.12:871][  0]LogCook: Display: Mobile HDR setting 1
[2017.08.12-00.52.12:871][  0]LogGameplayTags: Display: UGameplayTagsManager::DoneAddingNativeTags. DelegateIsBound: 0
[2017.08.12-00.52.13:550][  0]SourceControl: Source control is disabled
[2017.08.12-00.52.13:551][  0]Cmd: MAP LOAD FILE="C:/Users/nate/Documents/UnrealEngine/Pinball/Pinball/Content/Pinball.umap" TEMPLATE=0 SHOWPROGRESS=1 FEATURELEVEL=3
[2017.08.12-00.52.13:551][  0]LightingResults: New page: Lighting Build
[2017.08.12-00.52.13:576][  0]MapCheck: New page: Map Check
[2017.08.12-00.52.13:576][  0]LightingResults: New page: Lighting Build
[2017.08.12-00.52.13:862][  0]LogMaterial: Missing cached shader map for material M_SimpleMetal, compiling. 
[2017.08.12-00.52.13:982][  0]LogStaticMesh: Building static mesh BallSphere...
[2017.08.12-00.52.14:061][  0]LogStaticMesh: Built static mesh [0.08s] /Game/Assets/BallSphere.BallSphere
[2017.08.12-00.52.14:151][  0]LogMaterial: Missing cached shader map for material M_Bumper, compiling. 
[2017.08.12-00.52.14:301][  0]LogStaticMesh: Building static mesh SM_PopBumperBase...
[2017.08.12-00.52.14:362][  0]LogStaticMesh: Built static mesh [0.06s] /Game/Assets/SM_PopBumperBase.SM_PopBumperBase
[2017.08.12-00.52.14:455][  0]LogAIModule: Creating AISystem for world Pinball
[2017.08.12-00.52.14:578][  0]LogEditorServer: Finished looking for orphan Actors (0.000 secs)
[2017.08.12-00.52.14:648][  0]Cmd: MAP CHECKDEP NOCLEARLOG
[2017.08.12-00.52.14:679][  0]MapCheck: Map check complete: 0 Error(s), 0 Warning(s), took 30.978ms to complete.
[2017.08.12-00.52.14:679][  0]LogFileHelpers: Loading map 'Pinball' took 1.128
[2017.08.12-00.52.16:657][  0]LogCollectionManager: Loaded 0 collections in 0.000830 seconds
[2017.08.12-00.52.16:776][  0]LogFileCache: Scanning file cache for directory 'C:/Users/nate/Documents/UnrealEngine/Pinball/Pinball/Saved/Collections/' took 0.01s
[2017.08.12-00.52.16:776][  0]LogFileCache: Scanning file cache for directory 'C:/Users/nate/Documents/UnrealEngine/Pinball/Pinball/Content/Developers/nate/Collections/' took 0.01s
[2017.08.12-00.52.16:776][  0]LogFileCache: Scanning file cache for directory 'C:/Users/nate/Documents/UnrealEngine/Pinball/Pinball/Content/Collections/' took 0.01s
[2017.08.12-00.52.16:776][  0]LogCollectionManager: Rebuilt the GUID cache for 0 collections in 0.000001 seconds
[2017.08.12-00.52.16:787][  0]LogContentBrowser: Native class hierarchy populated in 0.0095 seconds. Added 2387 classes and 502 folders.
[2017.08.12-00.52.16:907][  0]LogContentBrowser: Native class hierarchy updated for 'WidgetCarousel' in 0.0006 seconds. Added 0 classes and 0 folders.
[2017.08.12-00.52.17:133][  0]LogContentBrowser: Native class hierarchy updated for 'AddContentDialog' in 0.0006 seconds. Added 0 classes and 0 folders.
[2017.08.12-00.52.17:911][  0]LogSlate: Took 0.000146 seconds to synchronously load lazily loaded font '../../../Engine/Content/Slate/Fonts/Roboto-Regular.ttf' (155K)
[2017.08.12-00.52.17:916][  0]LogSlate: Took 0.000115 seconds to synchronously load lazily loaded font '../../../Engine/Content/Slate/Fonts/Roboto-Bold.ttf' (160K)
[2017.08.12-00.52.18:054][  0]LogSlate: Took 0.026573 seconds to synchronously load lazily loaded font '../../../Engine/Content/Editor/Slate/Fonts/FontAwesome.ttf' (139K)
[2017.08.12-00.52.18:499][  0]LogRenderer: Reallocating scene render targets to support 1168x652 Format 10 NumSamples 1 (Frame:1).
[2017.08.12-00.52.18:876][  0]LogSlate: Took 0.015767 seconds to synchronously load lazily loaded font '../../../Engine/Content/Slate/Fonts/Roboto-Light.ttf' (159K)
[2017.08.12-00.52.19:115][  0]LogContentBrowser: Native class hierarchy updated for 'HierarchicalLODOutliner' in 0.0006 seconds. Added 1 classes and 2 folders.
[2017.08.12-00.52.19:115][  0]LogLoad: (Engine Initialization) Total time: 20.41 seconds
[2017.08.12-00.52.19:115][  0]LogLoad: (Engine Initialization) Total Blueprint compile time: 0.00 seconds
[2017.08.12-00.52.19:115][  0]LogExternalProfiler: Found external profiler: VSPerf
[2017.08.12-00.52.19:116][  0]LogExternalProfiler: Using external profiler: VSPerf
[2017.08.12-00.52.19:209][  0]LogContentStreaming: Texture pool size now 1000 MB
[2017.08.12-00.52.19:407][  1]LogAssetRegistry: Asset discovery search completed in 14.3236 seconds
[2017.08.12-00.52.19:408][  1]LogCollectionManager: Rebuilt the object cache for 0 collections in 0.000000 seconds (found 0 objects)
[2017.08.12-00.52.19:408][  1]LogCollectionManager: Fixed up redirectors for 0 collections in 0.000060 seconds (updated 0 objects)
[2017.08.12-00.52.28:164][566]LogEditorViewport: Clicking on Actor (LMB): StaticMeshActor (SM_PopBumperBase2)
[2017.08.12-00.52.29:916][699]LogEditorViewport: Clicking on Actor (CTRL LMB): StaticMeshActor (SM_PopBumperBase4)
[2017.08.12-00.52.30:778][793]LogEditorViewport: Clicking on Actor (CTRL LMB): StaticMeshActor (SM_PopBumperBase5)
[2017.08.12-00.52.31:438][866]LogEditorViewport: Clicking on Actor (CTRL LMB): StaticMeshActor (SM_PopBumperBase3)
[2017.08.12-00.52.31:799][903]LogEditorViewport: Clicking on Actor (CTRL LMB): StaticMeshActor (SM_PopBumperBase)
[2017.08.12-00.52.40:192][854]LogEditorViewport: Clicking on Actor (LMB): BP_Sky_Sphere_C (Sky Sphere)
[2017.08.12-00.52.42:024][ 59]LogSlate: Took 0.000106 seconds to synchronously load lazily loaded font '../../../Engine/Content/Slate/Fonts/Roboto-Light.ttf' (159K)
[2017.08.12-00.52.42:536][ 59]LogSlate: Took 0.000175 seconds to synchronously load lazily loaded font '../../../Engine/Content/Slate/Fonts/Roboto-Regular.ttf' (155K)
[2017.08.12-00.52.42:694][ 59]LogContentBrowser: Native class hierarchy updated for 'BlueprintGraph' in 0.0009 seconds. Added 113 classes and 0 folders.
[2017.08.12-00.52.44:097][ 59]LogSlate: Took 0.018759 seconds to synchronously load lazily loaded font '../../../Engine/Content/Editor/Slate/Fonts/Roboto-BoldCondensed.ttf' (158K)
[2017.08.12-00.52.44:396][ 60]LogSlate: Took 0.000943 seconds to synchronously load lazily loaded font '../../../Engine/Content/Editor/Slate/Fonts/Roboto-Italic.ttf' (157K)
[2017.08.12-00.54.32:710][ 49]BlueprintLog: New page: Compile BP_Ball
[2017.08.12-00.54.35:495][271]LogTemp: Repeating last play command: Selected Viewport
[2017.08.12-00.54.35:564][271]LogPlayLevel: PlayLevel: No blueprints needed recompiling
[2017.08.12-00.54.35:597][271]PIE: New page: PIE session: Pinball (Aug 11, 2017, 12:54:35 PM)
[2017.08.12-00.54.35:625][271]LogPlayLevel: Creating play world package: /Game/UEDPIE_0_Pinball
[2017.08.12-00.54.35:637][271]LogPlayLevel: PIE: StaticDuplicateObject took: (0.011941s)
[2017.08.12-00.54.35:638][271]LogAIModule: Creating AISystem for world Pinball
[2017.08.12-00.54.35:638][271]LogPlayLevel: PIE: World Init took: (0.000841s)
[2017.08.12-00.54.35:638][271]LogPlayLevel: PIE: Created PIE world by copying editor world from /Game/Pinball.Pinball to /Game/UEDPIE_0_Pinball.Pinball (0.013158s)
[2017.08.12-00.54.35:660][271]LogInit: XAudio2 using 'Speakers (Realtek High Definition Audio)' : 2 channels at 48 kHz using 32 bits per sample (channel mask 0x3)
[2017.08.12-00.54.35:671][271]LogInit: FAudioDevice initialized.
[2017.08.12-00.54.35:775][271]LogLoad: Game class is 'GameModeBase'
[2017.08.12-00.54.35:890][271]LogWorld: Bringing World /Game/UEDPIE_0_Pinball.Pinball up for play (max tick rate 0) at 2017.08.11-18.54.35
[2017.08.12-00.54.35:910][271]LogWorld: Bringing up level for play took: 0.022089
[2017.08.12-00.54.36:084][271]LogContentBrowser: Native class hierarchy updated for 'MovieSceneCapture' in 0.0006 seconds. Added 11 classes and 0 folders.
[2017.08.12-00.54.36:125][271]PIE: Play in editor start time for /Game/UEDPIE_0_Pinball 0.414
[2017.08.12-00.54.44:093][162]LogEditorViewport: Clicking on Actor (LMB): BP_Ball_C (BP_Ball)
[2017.08.12-00.54.57:558][340]BlueprintLog: New page: Compile BP_Ball
[2017.08.12-00.55.03:716][883]LogTemp: Repeating last play command: Selected Viewport
[2017.08.12-00.55.03:727][883]LogPlayLevel: PlayLevel: No blueprints needed recompiling
[2017.08.12-00.55.03:727][883]PIE: New page: PIE session: Pinball (Aug 11, 2017, 12:55:03 PM)
[2017.08.12-00.55.03:727][883]LogPlayLevel: Creating play world package: /Game/UEDPIE_0_Pinball
[2017.08.12-00.55.03:731][883]LogPlayLevel: PIE: StaticDuplicateObject took: (0.004079s)
[2017.08.12-00.55.03:732][883]LogAIModule: Creating AISystem for world Pinball
[2017.08.12-00.55.03:732][883]LogPlayLevel: PIE: World Init took: (0.000844s)
[2017.08.12-00.55.03:732][883]LogPlayLevel: PIE: Created PIE world by copying editor world from /Game/Pinball.Pinball to /Game/UEDPIE_0_Pinball.Pinball (0.005175s)
[2017.08.12-00.55.03:750][883]LogInit: XAudio2 using 'Speakers (Realtek High Definition Audio)' : 2 channels at 48 kHz using 32 bits per sample (channel mask 0x3)
[2017.08.12-00.55.03:761][883]LogInit: FAudioDevice initialized.
[2017.08.12-00.55.03:802][883]LogLoad: Game class is 'GameModeBase'
[2017.08.12-00.55.03:805][883]LogWorld: Bringing World /Game/UEDPIE_0_Pinball.Pinball up for play (max tick rate 0) at 2017.08.11-18.55.03
[2017.08.12-00.55.03:806][883]LogWorld: Bringing up level for play took: 0.002204
[2017.08.12-00.55.03:808][883]PIE: Play in editor start time for /Game/UEDPIE_0_Pinball 0.097
[2017.08.12-00.55.29:711][817]LogTemp: Repeating last play command: Selected Viewport
[2017.08.12-00.55.29:721][817]LogPlayLevel: PlayLevel: No blueprints needed recompiling
[2017.08.12-00.55.29:721][817]PIE: New page: PIE session: Pinball (Aug 11, 2017, 12:55:29 PM)
[2017.08.12-00.55.29:721][817]LogPlayLevel: Creating play world package: /Game/UEDPIE_0_Pinball
[2017.08.12-00.55.29:725][817]LogPlayLevel: PIE: StaticDuplicateObject took: (0.003897s)
[2017.08.12-00.55.29:726][817]LogAIModule: Creating AISystem for world Pinball
[2017.08.12-00.55.29:726][817]LogPlayLevel: PIE: World Init took: (0.000666s)
[2017.08.12-00.55.29:726][817]LogPlayLevel: PIE: Created PIE world by copying editor world from /Game/Pinball.Pinball to /Game/UEDPIE_0_Pinball.Pinball (0.004815s)
[2017.08.12-00.55.29:743][817]LogInit: XAudio2 using 'Speakers (Realtek High Definition Audio)' : 2 channels at 48 kHz using 32 bits per sample (channel mask 0x3)
[2017.08.12-00.55.29:752][817]LogInit: FAudioDevice initialized.
[2017.08.12-00.55.29:780][817]LogLoad: Game class is 'GameModeBase'
[2017.08.12-00.55.29:782][817]LogWorld: Bringing World /Game/UEDPIE_0_Pinball.Pinball up for play (max tick rate 0) at 2017.08.11-18.55.29
[2017.08.12-00.55.29:782][817]LogWorld: Bringing up level for play took: 0.001104
[2017.08.12-00.55.29:783][817]PIE: Play in editor start time for /Game/UEDPIE_0_Pinball 0.072
[2017.08.12-00.55.51:996][246]LogTemp: Repeating last play command: Selected Viewport
[2017.08.12-00.55.52:006][246]LogPlayLevel: PlayLevel: No blueprints needed recompiling
[2017.08.12-00.55.52:006][246]PIE: New page: PIE session: Pinball (Aug 11, 2017, 12:55:52 PM)
[2017.08.12-00.55.52:006][246]LogPlayLevel: Creating play world package: /Game/UEDPIE_0_Pinball
[2017.08.12-00.55.52:011][246]LogPlayLevel: PIE: StaticDuplicateObject took: (0.004549s)
[2017.08.12-00.55.52:011][246]LogAIModule: Creating AISystem for world Pinball
[2017.08.12-00.55.52:012][246]LogPlayLevel: PIE: World Init took: (0.000687s)
[2017.08.12-00.55.52:012][246]LogPlayLevel: PIE: Created PIE world by copying editor world from /Game/Pinball.Pinball to /Game/UEDPIE_0_Pinball.Pinball (0.005521s)
[2017.08.12-00.55.52:029][246]LogInit: XAudio2 using 'Speakers (Realtek High Definition Audio)' : 2 channels at 48 kHz using 32 bits per sample (channel mask 0x3)
[2017.08.12-00.55.52:038][246]LogInit: FAudioDevice initialized.
[2017.08.12-00.55.52:079][246]LogLoad: Game class is 'GameModeBase'
[2017.08.12-00.55.52:083][246]LogWorld: Bringing World /Game/UEDPIE_0_Pinball.Pinball up for play (max tick rate 0) at 2017.08.11-18.55.52
[2017.08.12-00.55.52:084][246]LogWorld: Bringing up level for play took: 0.003774
[2017.08.12-00.55.52:088][246]PIE: Play in editor start time for /Game/UEDPIE_0_Pinball 0.376
[2017.08.12-00.55.58:453][983]LogEditorViewport: Clicking on Actor (LMB): Brush (Box Brush5)
[2017.08.12-00.55.59:676][118]Cmd: DELETE
[2017.08.12-00.55.59:676][118]Cmd: ACTOR DELETE
[2017.08.12-00.55.59:879][118]LogEditorActor: Deleted Actor: Brush
[2017.08.12-00.55.59:900][118]LogEditorActor: Deleted 1 Actors (0.022 secs)
[2017.08.12-00.56.00:451][176]Cmd: DELETE
[2017.08.12-00.56.00:451][176]Cmd: ACTOR DELETE
[2017.08.12-00.56.00:451][176]LogEditorActor: Deleted Actor: Brush
[2017.08.12-00.56.00:473][176]LogEditorActor: Deleted 1 Actors (0.023 secs)
[2017.08.12-00.56.01:802][329]Cmd: DELETE
[2017.08.12-00.56.01:802][329]Cmd: ACTOR DELETE
[2017.08.12-00.56.01:802][329]LogEditorActor: Deleted Actor: Brush
[2017.08.12-00.56.01:823][329]LogEditorActor: Deleted 1 Actors (0.020 secs)
[2017.08.12-00.56.04:707][668]LogEditorViewport: Clicking on Actor (LMB): StaticMeshActor (SM_PopBumperBase2)
[2017.08.12-00.56.05:916][775]LogEditorViewport: Clicking on Actor (CTRL LMB): StaticMeshActor (SM_PopBumperBase4)
[2017.08.12-00.56.06:512][840]LogEditorViewport: Clicking on Actor (CTRL LMB): BP_Sky_Sphere_C (Sky Sphere)
[2017.08.12-00.56.07:164][912]LogEditorViewport: Clicking on Actor (CTRL LMB): StaticMeshActor (SM_PopBumperBase3)
[2017.08.12-00.56.07:668][969]LogEditorViewport: Clicking on Actor (CTRL LMB): StaticMeshActor (SM_PopBumperBase5)
[2017.08.12-00.56.08:755][ 92]LogEditorViewport: Clicking on Actor (CTRL LMB): StaticMeshActor (SM_PopBumperBase4)
[2017.08.12-00.56.09:616][192]LogEditorViewport: Clicking on Actor (CTRL LMB): StaticMeshActor (SM_PopBumperBase)
[2017.08.12-00.56.24:482][886]LogTemp: Repeating last play command: Selected Viewport
[2017.08.12-00.56.24:492][886]LogPlayLevel: PlayLevel: No blueprints needed recompiling
[2017.08.12-00.56.24:492][886]PIE: New page: PIE session: Pinball (Aug 11, 2017, 12:56:24 PM)
[2017.08.12-00.56.24:492][886]LogPlayLevel: Creating play world package: /Game/UEDPIE_0_Pinball
[2017.08.12-00.56.24:496][886]LogPlayLevel: PIE: StaticDuplicateObject took: (0.003541s)
[2017.08.12-00.56.24:497][886]LogAIModule: Creating AISystem for world Pinball
[2017.08.12-00.56.24:497][886]LogPlayLevel: PIE: World Init took: (0.000818s)
[2017.08.12-00.56.24:497][886]LogPlayLevel: PIE: Created PIE world by copying editor world from /Game/Pinball.Pinball to /Game/UEDPIE_0_Pinball.Pinball (0.004682s)
[2017.08.12-00.56.24:515][886]LogInit: XAudio2 using 'Speakers (Realtek High Definition Audio)' : 2 channels at 48 kHz using 32 bits per sample (channel mask 0x3)
[2017.08.12-00.56.24:524][886]LogInit: FAudioDevice initialized.
[2017.08.12-00.56.24:558][886]LogLoad: Game class is 'GameModeBase'
[2017.08.12-00.56.24:559][886]LogWorld: Bringing World /Game/UEDPIE_0_Pinball.Pinball up for play (max tick rate 0) at 2017.08.11-18.56.24
[2017.08.12-00.56.24:559][886]LogWorld: Bringing up level for play took: 0.001012
[2017.08.12-00.56.24:560][886]PIE: Play in editor start time for /Game/UEDPIE_0_Pinball 0.849
[2017.08.12-00.56.30:096][534]LogTemp: Repeating last play command: Selected Viewport
[2017.08.12-00.56.30:106][534]LogPlayLevel: PlayLevel: No blueprints needed recompiling
[2017.08.12-00.56.30:107][534]PIE: New page: PIE session: Pinball (Aug 11, 2017, 12:56:30 PM)
[2017.08.12-00.56.30:107][534]LogPlayLevel: Creating play world package: /Game/UEDPIE_0_Pinball
[2017.08.12-00.56.30:110][534]LogPlayLevel: PIE: StaticDuplicateObject took: (0.003408s)
[2017.08.12-00.56.30:111][534]LogAIModule: Creating AISystem for world Pinball
[2017.08.12-00.56.30:111][534]LogPlayLevel: PIE: World Init took: (0.000701s)
[2017.08.12-00.56.30:111][534]LogPlayLevel: PIE: Created PIE world by copying editor world from /Game/Pinball.Pinball to /Game/UEDPIE_0_Pinball.Pinball (0.004408s)
[2017.08.12-00.56.30:129][534]LogInit: XAudio2 using 'Speakers (Realtek High Definition Audio)' : 2 channels at 48 kHz using 32 bits per sample (channel mask 0x3)
[2017.08.12-00.56.30:139][534]LogInit: FAudioDevice initialized.
[2017.08.12-00.56.30:179][534]LogLoad: Game class is 'GameModeBase'
[2017.08.12-00.56.30:183][534]LogWorld: Bringing World /Game/UEDPIE_0_Pinball.Pinball up for play (max tick rate 0) at 2017.08.11-18.56.30
[2017.08.12-00.56.30:183][534]LogWorld: Bringing up level for play took: 0.002262
[2017.08.12-00.56.30:186][534]PIE: Play in editor start time for /Game/UEDPIE_0_Pinball 0.475
[2017.08.12-00.56.34:325][ 17]LogTemp: Repeating last play command: Selected Viewport
[2017.08.12-00.56.34:335][ 17]LogPlayLevel: PlayLevel: No blueprints needed recompiling
[2017.08.12-00.56.34:335][ 17]PIE: New page: PIE session: Pinball (Aug 11, 2017, 12:56:34 PM)
[2017.08.12-00.56.34:335][ 17]LogPlayLevel: Creating play world package: /Game/UEDPIE_0_Pinball
[2017.08.12-00.56.34:339][ 17]LogPlayLevel: PIE: StaticDuplicateObject took: (0.003097s)
[2017.08.12-00.56.34:339][ 17]LogAIModule: Creating AISystem for world Pinball
[2017.08.12-00.56.34:339][ 17]LogPlayLevel: PIE: World Init took: (0.000704s)
[2017.08.12-00.56.34:340][ 17]LogPlayLevel: PIE: Created PIE world by copying editor world from /Game/Pinball.Pinball to /Game/UEDPIE_0_Pinball.Pinball (0.004116s)
[2017.08.12-00.56.34:359][ 17]LogInit: XAudio2 using 'Speakers (Realtek High Definition Audio)' : 2 channels at 48 kHz using 32 bits per sample (channel mask 0x3)
[2017.08.12-00.56.34:368][ 17]LogInit: FAudioDevice initialized.
[2017.08.12-00.56.34:397][ 17]LogLoad: Game class is 'GameModeBase'
[2017.08.12-00.56.34:399][ 17]LogWorld: Bringing World /Game/UEDPIE_0_Pinball.Pinball up for play (max tick rate 0) at 2017.08.11-18.56.34
[2017.08.12-00.56.34:399][ 17]LogWorld: Bringing up level for play took: 0.000990
[2017.08.12-00.56.34:400][ 17]PIE: Play in editor start time for /Game/UEDPIE_0_Pinball 0.689
[2017.08.12-00.56.38:464][490]LogTemp: Repeating last play command: Selected Viewport
[2017.08.12-00.56.38:475][490]LogPlayLevel: PlayLevel: No blueprints needed recompiling
[2017.08.12-00.56.38:475][490]PIE: New page: PIE session: Pinball (Aug 11, 2017, 12:56:38 PM)
[2017.08.12-00.56.38:475][490]LogPlayLevel: Creating play world package: /Game/UEDPIE_0_Pinball
[2017.08.12-00.56.38:478][490]LogPlayLevel: PIE: StaticDuplicateObject took: (0.003530s)
[2017.08.12-00.56.38:479][490]LogAIModule: Creating AISystem for world Pinball
[2017.08.12-00.56.38:479][490]LogPlayLevel: PIE: World Init took: (0.000736s)
[2017.08.12-00.56.38:479][490]LogPlayLevel: PIE: Created PIE world by copying editor world from /Game/Pinball.Pinball to /Game/UEDPIE_0_Pinball.Pinball (0.004582s)
[2017.08.12-00.56.38:499][490]LogInit: XAudio2 using 'Speakers (Realtek High Definition Audio)' : 2 channels at 48 kHz using 32 bits per sample (channel mask 0x3)
[2017.08.12-00.56.38:508][490]LogInit: FAudioDevice initialized.
[2017.08.12-00.56.38:546][490]LogLoad: Game class is 'GameModeBase'
[2017.08.12-00.56.38:550][490]LogWorld: Bringing World /Game/UEDPIE_0_Pinball.Pinball up for play (max tick rate 0) at 2017.08.11-18.56.38
[2017.08.12-00.56.38:551][490]LogWorld: Bringing up level for play took: 0.003452
[2017.08.12-00.56.38:555][490]PIE: Play in editor start time for /Game/UEDPIE_0_Pinball 0.844
[2017.08.12-00.56.51:162][949]LogEditorViewport: Clicking on Actor (LMB): BP_Sky_Sphere_C (Sky Sphere)
[2017.08.12-00.57.14:175][397]LogEditorViewport: Clicking on Actor (context menu): StaticMeshActor (SM_PopBumperBase5)
[2017.08.12-00.57.45:816][141]LogEditorViewport: Clicking on Actor (LMB): BP_Sky_Sphere_C (Sky Sphere)
[2017.08.12-00.58.36:084][403]LogEditorViewport: Clicking on Actor (LMB): BP_Sky_Sphere_C (Sky Sphere)
[2017.08.12-00.58.41:672][ 49]LogEditorViewport: Clicking on Actor (LMB): BP_Ball_C (BP_Ball)
[2017.08.12-00.58.43:735][273]LogTemp: Repeating last play command: Selected Viewport
[2017.08.12-00.58.43:745][273]LogPlayLevel: PlayLevel: No blueprints needed recompiling
[2017.08.12-00.58.43:745][273]PIE: New page: PIE session: Pinball (Aug 11, 2017, 12:58:43 PM)
[2017.08.12-00.58.43:745][273]LogPlayLevel: Creating play world package: /Game/UEDPIE_0_Pinball
[2017.08.12-00.58.43:749][273]LogPlayLevel: PIE: StaticDuplicateObject took: (0.003698s)
[2017.08.12-00.58.43:750][273]LogAIModule: Creating AISystem for world Pinball
[2017.08.12-00.58.43:750][273]LogPlayLevel: PIE: World Init took: (0.000774s)
[2017.08.12-00.58.43:750][273]LogPlayLevel: PIE: Created PIE world by copying editor world from /Game/Pinball.Pinball to /Game/UEDPIE_0_Pinball.Pinball (0.004787s)
[2017.08.12-00.58.43:769][273]LogInit: XAudio2 using 'Speakers (Realtek High Definition Audio)' : 2 channels at 48 kHz using 32 bits per sample (channel mask 0x3)
[2017.08.12-00.58.43:779][273]LogInit: FAudioDevice initialized.
[2017.08.12-00.58.43:812][273]LogLoad: Game class is 'GameModeBase'
[2017.08.12-00.58.43:813][273]LogWorld: Bringing World /Game/UEDPIE_0_Pinball.Pinball up for play (max tick rate 0) at 2017.08.11-18.58.43
[2017.08.12-00.58.43:814][273]LogWorld: Bringing up level for play took: 0.000994
[2017.08.12-00.58.43:815][273]PIE: Play in editor start time for /Game/UEDPIE_0_Pinball 0.104
[2017.08.12-00.59.31:666][836]LogEditorViewport: Clicking on Actor (LMB): BlockingVolume (BlockingVolume)
[2017.08.12-00.59.39:350][727]LogEditorViewport: Clicking on Actor (LMB): StaticMeshActor (SM_PopBumperBase5)
[2017.08.12-00.59.42:239][ 43]LogEditorViewport: Clicking on Actor (LMB): BP_Sky_Sphere_C (Sky Sphere)
[2017.08.12-00.59.42:593][ 73]LogEditorViewport: Clicking on Actor (LMB): BP_Sky_Sphere_C (Sky Sphere)
[2017.08.12-00.59.43:087][115]LogEditorViewport: Clicking on Actor (LMB): BlockingVolume (BlockingVolume)
[2017.08.12-01.00.26:242][784]LogTemp: Repeating last play command: Selected Viewport
[2017.08.12-01.00.26:253][784]LogPlayLevel: PlayLevel: No blueprints needed recompiling
[2017.08.12-01.00.26:253][784]PIE: New page: PIE session: Pinball (Aug 11, 2017, 1:00:26 PM)
[2017.08.12-01.00.26:253][784]LogPlayLevel: Creating play world package: /Game/UEDPIE_0_Pinball
[2017.08.12-01.00.26:258][784]LogPlayLevel: PIE: StaticDuplicateObject took: (0.004198s)
[2017.08.12-01.00.26:258][784]LogAIModule: Creating AISystem for world Pinball
[2017.08.12-01.00.26:258][784]LogPlayLevel: PIE: World Init took: (0.000654s)
[2017.08.12-01.00.26:258][784]LogPlayLevel: PIE: Created PIE world by copying editor world from /Game/Pinball.Pinball to /Game/UEDPIE_0_Pinball.Pinball (0.005123s)
[2017.08.12-01.00.26:276][784]LogInit: XAudio2 using 'Speakers (Realtek High Definition Audio)' : 2 channels at 48 kHz using 32 bits per sample (channel mask 0x3)
[2017.08.12-01.00.26:285][784]LogInit: FAudioDevice initialized.
[2017.08.12-01.00.26:320][784]LogLoad: Game class is 'GameModeBase'
[2017.08.12-01.00.26:321][784]LogWorld: Bringing World /Game/UEDPIE_0_Pinball.Pinball up for play (max tick rate 0) at 2017.08.11-19.00.26
[2017.08.12-01.00.26:321][784]LogWorld: Bringing up level for play took: 0.000982
[2017.08.12-01.00.26:346][784]PIE: Play in editor start time for /Game/UEDPIE_0_Pinball 0.635
[2017.08.12-01.00.34:800][767]LogEditorViewport: Clicking on Actor (LMB): BP_Sky_Sphere_C (Sky Sphere)
[2017.08.12-01.00.40:365][380]LogEditorViewport: Clicking on Actor (LMB): BP_Ball_C (BP_Ball)
[2017.08.12-01.00.50:571][422]LogTemp: Repeating last play command: Selected Viewport
[2017.08.12-01.00.50:580][422]LogPlayLevel: PlayLevel: No blueprints needed recompiling
[2017.08.12-01.00.50:581][422]PIE: New page: PIE session: Pinball (Aug 11, 2017, 1:00:50 PM)
[2017.08.12-01.00.50:581][422]LogPlayLevel: Creating play world package: /Game/UEDPIE_0_Pinball
[2017.08.12-01.00.50:585][422]LogPlayLevel: PIE: StaticDuplicateObject took: (0.004197s)
[2017.08.12-01.00.50:586][422]LogAIModule: Creating AISystem for world Pinball
[2017.08.12-01.00.50:586][422]LogPlayLevel: PIE: World Init took: (0.000755s)
[2017.08.12-01.00.50:586][422]LogPlayLevel: PIE: Created PIE world by copying editor world from /Game/Pinball.Pinball to /Game/UEDPIE_0_Pinball.Pinball (0.005209s)
[2017.08.12-01.00.50:602][422]LogInit: XAudio2 using 'Speakers (Realtek High Definition Audio)' : 2 channels at 48 kHz using 32 bits per sample (channel mask 0x3)
[2017.08.12-01.00.50:611][422]LogInit: FAudioDevice initialized.
[2017.08.12-01.00.50:649][422]LogLoad: Game class is 'GameModeBase'
[2017.08.12-01.00.50:652][422]LogWorld: Bringing World /Game/UEDPIE_0_Pinball.Pinball up for play (max tick rate 0) at 2017.08.11-19.00.50
[2017.08.12-01.00.50:653][422]LogWorld: Bringing up level for play took: 0.002928
[2017.08.12-01.00.50:655][422]PIE: Play in editor start time for /Game/UEDPIE_0_Pinball 0.944
[2017.08.12-01.02.19:385][939]LogEditorViewport: Clicking on Actor (LMB): BP_Sky_Sphere_C (Sky Sphere)
[2017.08.12-01.02.31:428][334]LogTemp: Repeating last play command: Selected Viewport
[2017.08.12-01.02.31:438][334]LogPlayLevel: PlayLevel: No blueprints needed recompiling
[2017.08.12-01.02.31:438][334]PIE: New page: PIE session: Pinball (Aug 11, 2017, 1:02:31 PM)
[2017.08.12-01.02.31:438][334]LogPlayLevel: Creating play world package: /Game/UEDPIE_0_Pinball
[2017.08.12-01.02.31:442][334]LogPlayLevel: PIE: StaticDuplicateObject took: (0.003923s)
[2017.08.12-01.02.31:443][334]LogAIModule: Creating AISystem for world Pinball
[2017.08.12-01.02.31:443][334]LogPlayLevel: PIE: World Init took: (0.000757s)
[2017.08.12-01.02.31:443][334]LogPlayLevel: PIE: Created PIE world by copying editor world from /Game/Pinball.Pinball to /Game/UEDPIE_0_Pinball.Pinball (0.004997s)
[2017.08.12-01.02.31:459][334]LogInit: XAudio2 using 'Speakers (Realtek High Definition Audio)' : 2 channels at 48 kHz using 32 bits per sample (channel mask 0x3)
[2017.08.12-01.02.31:470][334]LogInit: FAudioDevice initialized.
[2017.08.12-01.02.31:503][334]LogLoad: Game class is 'GameModeBase'
[2017.08.12-01.02.31:504][334]LogWorld: Bringing World /Game/UEDPIE_0_Pinball.Pinball up for play (max tick rate 0) at 2017.08.11-19.02.31
[2017.08.12-01.02.31:504][334]LogWorld: Bringing up level for play took: 0.001088
[2017.08.12-01.02.31:506][334]PIE: Play in editor start time for /Game/UEDPIE_0_Pinball -0.205
[2017.08.12-01.02.56:145][965]LogSlate: Took 0.000132 seconds to synchronously load lazily loaded font '../../../Engine/Content/Slate/Fonts/Roboto-Light.ttf' (159K)
[2017.08.12-01.03.05:259][992]Cmd: OBJ SAVEPACKAGE PACKAGE="/Game/Pinball" FILE="C:/Users/nate/Documents/UnrealEngine/Pinball/Pinball/Saved/Autosaves/Game/Pinball_Auto1.umap" SILENT=true AUTOSAVING=true KEEPDIRTY=false
[2017.08.12-01.03.05:409][992]LogSavePackage: Save=97.59ms
[2017.08.12-01.03.05:409][992]LogSavePackage: Moving 'C:/Users/nate/Documents/UnrealEngine/Pinball/Pinball/Saved/Pinball_Auto1C66F6420454C561F2135FC9AF5A8B7C0.tmp' to 'C:/Users/nate/Documents/UnrealEngine/Pinball/Pinball/Saved/Autosaves/Game/Pinball_Auto1.umap'
[2017.08.12-01.03.05:412][992]LogSavePackage: Display: Finished SavePackage C:/Users/nate/Documents/UnrealEngine/Pinball/Pinball/Saved/Autosaves/Game/Pinball_Auto1.umap
[2017.08.12-01.03.05:441][992]LogFileHelpers: Editor autosave (incl. sublevels) for '/Game/Pinball' took 0.294
[2017.08.12-01.03.05:441][992]LogFileHelpers: Editor autosave (incl. sublevels) for all levels took 0.294
[2017.08.12-01.03.05:443][992]OBJ SavePackage: Generating thumbnails for [1] asset(s) in package [/Game/Blueprints/BP_Ball] ([1] browsable assets)...
[2017.08.12-01.03.05:503][992]OBJ SavePackage:     Rendered thumbnail for [Blueprint /Game/Blueprints/BP_Ball.BP_Ball]
[2017.08.12-01.03.05:503][992]OBJ SavePackage: Finished generating thumbnails for package [/Game/Blueprints/BP_Ball]
[2017.08.12-01.03.05:503][992]Cmd: OBJ SAVEPACKAGE PACKAGE="/Game/Blueprints/BP_Ball" FILE="C:/Users/nate/Documents/UnrealEngine/Pinball/Pinball/Saved/Autosaves/Game/Blueprints/BP_Ball_Auto1.uasset" SILENT=false AUTOSAVING=true
[2017.08.12-01.03.05:565][992]LogSavePackage: Save=58.64ms
[2017.08.12-01.03.05:565][992]LogSavePackage: Moving 'C:/Users/nate/Documents/UnrealEngine/Pinball/Pinball/Saved/BP_Ball_Auto11C9D48AE4FC742A0B4275AA8356B94D3.tmp' to 'C:/Users/nate/Documents/UnrealEngine/Pinball/Pinball/Saved/Autosaves/Game/Blueprints/BP_Ball_Auto1.uasset'
[2017.08.12-01.03.05:567][992]LogSavePackage: Display: Finished SavePackage C:/Users/nate/Documents/UnrealEngine/Pinball/Pinball/Saved/Autosaves/Game/Blueprints/BP_Ball_Auto1.uasset
[2017.08.12-01.03.05:567][992]LogFileHelpers: Auto-saving content packages took 0.125
[2017.08.12-01.03.08:258][279]LogStaticMesh: Building static mesh SM_PopBumperMechanism...
[2017.08.12-01.03.08:284][279]LogStaticMesh: Built static mesh [0.03s] /Game/Assets/SM_PopBumperMechanism.SM_PopBumperMechanism
[2017.08.12-01.05.14:674][173]Cmd: OBJ SAVEPACKAGE PACKAGE="/Game/Blueprints/BP_Ball" FILE="C:/Users/nate/Documents/UnrealEngine/Pinball/Pinball/Content/Blueprints/BP_Ball.uasset" SILENT=true
[2017.08.12-01.05.14:711][173]LogSavePackage: Save=33.76ms
[2017.08.12-01.05.14:711][173]LogSavePackage: Moving 'C:/Users/nate/Documents/UnrealEngine/Pinball/Pinball/Saved/BP_Ball2F7AEE4E433042E6C943C2BDCC6A7C14.tmp' to 'C:/Users/nate/Documents/UnrealEngine/Pinball/Pinball/Content/Blueprints/BP_Ball.uasset'
[2017.08.12-01.05.14:715][173]LogSavePackage: Display: Finished SavePackage C:/Users/nate/Documents/UnrealEngine/Pinball/Pinball/Content/Blueprints/BP_Ball.uasset
[2017.08.12-01.05.14:735][173]Cmd: OBJ SAVEPACKAGE PACKAGE="/Game/Blueprints/BP_Bumper" FILE="C:/Users/nate/Documents/UnrealEngine/Pinball/Pinball/Content/Blueprints/BP_Bumper.uasset" SILENT=true
[2017.08.12-01.05.14:779][173]LogSavePackage: Save=40.45ms
[2017.08.12-01.05.14:779][173]LogSavePackage: Moving 'C:/Users/nate/Documents/UnrealEngine/Pinball/Pinball/Saved/BP_BumperFCEE86D9496FE65EDB68478DB59947A5.tmp' to 'C:/Users/nate/Documents/UnrealEngine/Pinball/Pinball/Content/Blueprints/BP_Bumper.uasset'
[2017.08.12-01.05.14:782][173]LogSavePackage: Display: Finished SavePackage C:/Users/nate/Documents/UnrealEngine/Pinball/Pinball/Content/Blueprints/BP_Bumper.uasset
[2017.08.12-01.05.14:824][173]Cmd: OBJ SAVEPACKAGE PACKAGE="/Game/Pinball" FILE="C:/Users/nate/Documents/UnrealEngine/Pinball/Pinball/Content/Pinball.umap" SILENT=true AUTOSAVING=false KEEPDIRTY=false
[2017.08.12-01.05.14:901][173]LogSavePackage: Save=58.62ms
[2017.08.12-01.05.14:901][173]LogSavePackage: Moving 'C:/Users/nate/Documents/UnrealEngine/Pinball/Pinball/Saved/Pinball9F73E0CA4C0CADB42BFC45AC1467C16F.tmp' to 'C:/Users/nate/Documents/UnrealEngine/Pinball/Pinball/Content/Pinball.umap'
[2017.08.12-01.05.14:904][173]LogSavePackage: Display: Finished SavePackage C:/Users/nate/Documents/UnrealEngine/Pinball/Pinball/Content/Pinball.umap
[2017.08.12-01.05.14:920][173]LogFileHelpers: Saving map 'Pinball' took 0.134
[2017.08.12-01.05.15:346][174]Cmd: QUIT_EDITOR
[2017.08.12-01.05.15:869][174]LogWindowsTextInputMethodSystem: Display: IME system now deactivated.
[2017.08.12-01.05.15:879][174]LogExit: Preparing to exit.
[2017.08.12-01.05.16:490][174]LogExit: Editor shut down
[2017.08.12-01.05.16:494][174]LogExit: Transaction tracking system shut down
[2017.08.12-01.05.16:723][174]LogDirectoryWatcher: A directory notification for '../../../Engine/Content/' was aborted.
[2017.08.12-01.05.16:725][174]LogDirectoryWatcher: A directory notification for 'C:/Users/nate/Documents/UnrealEngine/Pinball/Pinball/Content/' was aborted.
[2017.08.12-01.05.16:725][174]LogDirectoryWatcher: A directory notification for '../../../Engine/Plugins/2D/Paper2D/Content/' was aborted.
[2017.08.12-01.05.16:725][174]LogDirectoryWatcher: A directory notification for '../../../Engine/Plugins/Runtime/Oculus/OculusVR/Content/' was aborted.
[2017.08.12-01.05.16:725][174]LogDirectoryWatcher: A directory notification for '../../../Engine/Plugins/Runtime/Steam/SteamVR/Content/' was aborted.
[2017.08.12-01.05.16:842][174]LogExit: Object subsystem successfully closed.
[2017.08.12-01.05.16:866][174]LogD3D11RHI: Shutdown
[2017.08.12-01.05.16:866][174]LogD3D11RHI: CleanupD3DDevice
[2017.08.12-01.05.17:075][174]LogD3D11RHI: ~FD3D11DynamicRHI
[2017.08.12-01.05.17:096][174]LogModuleManager: Shutting down and abandoning module MovieSceneCapture (536)
[2017.08.12-01.05.17:096][174]LogModuleManager: Shutting down and abandoning module BlueprintGraph (534)
[2017.08.12-01.05.17:096][174]LogModuleManager: Shutting down and abandoning module BlueprintProfiler (532)
[2017.08.12-01.05.17:097][174]LogModuleManager: Shutting down and abandoning module HierarchicalLODOutliner (530)
[2017.08.12-01.05.17:097][174]LogModuleManager: Shutting down and abandoning module AddContentDialog (528)
[2017.08.12-01.05.17:102][174]LogDirectoryWatcher: A directory notification for 'D:/Games/UE_4.17/FeaturePacks/' was aborted.
[2017.08.12-01.05.17:104][174]LogModuleManager: Shutting down and abandoning module WidgetCarousel (527)
[2017.08.12-01.05.17:104][174]LogModuleManager: Shutting down and abandoning module EditorWidgets (524)
[2017.08.12-01.05.17:104][174]LogModuleManager: Shutting down and abandoning module CollectionManager (522)
[2017.08.12-01.05.17:104][174]LogDirectoryWatcher: A directory notification for 'C:/Users/nate/Documents/UnrealEngine/Pinball/Pinball/Content/Collections/' was aborted.
[2017.08.12-01.05.17:104][174]LogDirectoryWatcher: A directory notification for 'C:/Users/nate/Documents/UnrealEngine/Pinball/Pinball/Content/Developers/nate/Collections/' was aborted.
[2017.08.12-01.05.17:104][174]LogDirectoryWatcher: A directory notification for 'C:/Users/nate/Documents/UnrealEngine/Pinball/Pinball/Saved/Collections/' was aborted.
[2017.08.12-01.05.17:104][174]LogModuleManager: Shutting down and abandoning module SceneOutliner (520)
[2017.08.12-01.05.17:104][174]LogModuleManager: Shutting down and abandoning module StatsViewer (518)
[2017.08.12-01.05.17:104][174]LogModuleManager: Shutting down and abandoning module FoliageEdit (516)
[2017.08.12-01.05.17:104][174]LogModuleManager: Shutting down and abandoning module LandscapeEditor (514)
[2017.08.12-01.05.17:104][174]LogModuleManager: Shutting down and abandoning module MeshPaintMode (512)
[2017.08.12-01.05.17:104][174]LogModuleManager: Shutting down and abandoning module SceneDepthPickerMode (510)
[2017.08.12-01.05.17:104][174]LogModuleManager: Shutting down and abandoning module ActorPickerMode (508)
[2017.08.12-01.05.17:104][174]LogModuleManager: Shutting down and abandoning module GeometryMode (506)
[2017.08.12-01.05.17:104][174]LogModuleManager: Shutting down and abandoning module TextureAlignMode (504)
[2017.08.12-01.05.17:104][174]LogModuleManager: Shutting down and abandoning module BspMode (502)
[2017.08.12-01.05.17:104][174]LogModuleManager: Shutting down and abandoning module PIEPreviewDeviceProfileSelector (500)
[2017.08.12-01.05.17:104][174]LogModuleManager: Shutting down and abandoning module HardwareSurvey (498)
[2017.08.12-01.05.17:104][174]LogModuleManager: Shutting down and abandoning module SequenceRecorderSections (496)
[2017.08.12-01.05.17:104][174]LogModuleManager: Shutting down and abandoning module AutomationWorker (494)
[2017.08.12-01.05.17:104][174]LogModuleManager: Shutting down and abandoning module MatineeToLevelSequence (492)
[2017.08.12-01.05.17:104][174]LogModuleManager: Shutting down and abandoning module LevelSequenceEditor (490)
[2017.08.12-01.05.17:104][174]LogModuleManager: Shutting down and abandoning module PlacementMode (489)
[2017.08.12-01.05.17:105][174]LogModuleManager: Shutting down and abandoning module WmfMediaFactory (486)
[2017.08.12-01.05.17:105][174]LogModuleManager: Shutting down and abandoning module WmfMediaEditor (484)
[2017.08.12-01.05.17:105][174]LogModuleManager: Shutting down and abandoning module AvfMediaFactory (482)
[2017.08.12-01.05.17:105][174]LogModuleManager: Shutting down and abandoning module AvfMediaEditor (480)
[2017.08.12-01.05.17:105][174]LogModuleManager: Shutting down and abandoning module AndroidMediaFactory (478)
[2017.08.12-01.05.17:105][174]LogModuleManager: Shutting down and abandoning module Media (477)
[2017.08.12-01.05.17:105][174]LogModuleManager: Shutting down and abandoning module AndroidMediaEditor (474)
[2017.08.12-01.05.17:105][174]LogModuleManager: Shutting down and abandoning module CharacterAI (472)
[2017.08.12-01.05.17:105][174]LogModuleManager: Shutting down and abandoning module AudioCapture (470)
[2017.08.12-01.05.17:105][174]LogModuleManager: Shutting down and abandoning module SequenceRecorder (469)
[2017.08.12-01.05.17:105][174]LogModuleManager: Shutting down and abandoning module SmartSnapping (466)
[2017.08.12-01.05.17:105][174]LogModuleManager: Shutting down and abandoning module SessionServices (464)
[2017.08.12-01.05.17:105][174]LogModuleManager: Shutting down and abandoning module ViewportSnapping (462)
[2017.08.12-01.05.17:105][174]LogModuleManager: Shutting down and abandoning module ViewportInteraction (460)
[2017.08.12-01.05.17:105][174]LogModuleManager: Shutting down and abandoning module ClothPainter (458)
[2017.08.12-01.05.17:105][174]LogModuleManager: Shutting down and abandoning module LogVisualizer (456)
[2017.08.12-01.05.17:105][174]LogModuleManager: Shutting down and abandoning module IntroTutorials (454)
[2017.08.12-01.05.17:105][174]LogModuleManager: Shutting down and abandoning module GameProjectGeneration (453)
[2017.08.12-01.05.17:105][174]LogModuleManager: Shutting down and abandoning module IOSPlatformEditor (450)
[2017.08.12-01.05.17:105][174]LogModuleManager: Shutting down and abandoning module HTML5PlatformEditor (448)
[2017.08.12-01.05.17:105][174]LogModuleManager: Shutting down and abandoning module AndroidPlatformEditor (446)
[2017.08.12-01.05.17:105][174]LogModuleManager: Shutting down and abandoning module AndroidDeviceDetection (445)
[2017.08.12-01.05.17:717][174]LogModuleManager: Shutting down and abandoning module WindowsPlatformEditor (442)
[2017.08.12-01.05.17:717][174]LogModuleManager: Shutting down and abandoning module IOSRuntimeSettings (440)
[2017.08.12-01.05.17:717][174]LogModuleManager: Shutting down and abandoning module AndroidRuntimeSettings (438)
[2017.08.12-01.05.17:717][174]LogModuleManager: Shutting down and abandoning module InputBindingEditor (436)
[2017.08.12-01.05.17:717][174]LogModuleManager: Shutting down and abandoning module MergeActors (434)
[2017.08.12-01.05.17:717][174]LogModuleManager: Shutting down and abandoning module SizeMap (432)
[2017.08.12-01.05.17:717][174]LogModuleManager: Shutting down and abandoning module TreeMap (430)
[2017.08.12-01.05.17:717][174]LogModuleManager: Shutting down and abandoning module ReferenceViewer (428)
[2017.08.12-01.05.17:717][174]LogModuleManager: Shutting down and abandoning module LocalizationDashboard (426)
[2017.08.12-01.05.17:717][174]LogModuleManager: Shutting down and abandoning module LocalizationService (425)
[2017.08.12-01.05.17:717][174]LogModuleManager: Shutting down and abandoning module HardwareTargeting (422)
[2017.08.12-01.05.17:717][174]LogModuleManager: Shutting down and abandoning module DeviceProfileEditor (420)
[2017.08.12-01.05.17:717][174]LogModuleManager: Shutting down and abandoning module UndoHistory (418)
[2017.08.12-01.05.17:717][174]LogModuleManager: Shutting down and abandoning module XmlParser (416)
[2017.08.12-01.05.17:717][174]LogModuleManager: Shutting down and abandoning module Blutility (414)
[2017.08.12-01.05.17:717][174]LogModuleManager: Shutting down and abandoning module ProjectSettingsViewer (412)
[2017.08.12-01.05.17:717][174]LogModuleManager: Shutting down and abandoning module ProjectTargetPlatformEditor (411)
[2017.08.12-01.05.17:718][174]LogModuleManager: Shutting down and abandoning module EditorSettingsViewer (408)
[2017.08.12-01.05.17:718][174]LogModuleManager: Shutting down and abandoning module SettingsEditor (406)
[2017.08.12-01.05.17:718][174]LogModuleManager: Shutting down and abandoning module ProjectLauncher (404)
[2017.08.12-01.05.17:718][174]LogModuleManager: Shutting down and abandoning module SessionFrontend (402)
[2017.08.12-01.05.17:718][174]LogModuleManager: Shutting down and abandoning module ProfilerClient (400)
[2017.08.12-01.05.17:718][174]LogModuleManager: Shutting down and abandoning module DeviceManager (398)
[2017.08.12-01.05.17:718][174]LogModuleManager: Shutting down and abandoning module TargetDeviceServices (397)
[2017.08.12-01.05.17:783][174]LogModuleManager: Shutting down and abandoning module AutomationController (394)
[2017.08.12-01.05.17:783][174]LogModuleManager: Shutting down and abandoning module AutomationWindow (392)
[2017.08.12-01.05.17:783][174]LogModuleManager: Shutting down and abandoning module Layers (390)
[2017.08.12-01.05.17:783][174]LogModuleManager: Shutting down and abandoning module ComponentVisualizers (388)
[2017.08.12-01.05.17:783][174]LogModuleManager: Shutting down and abandoning module DetailCustomizations (386)
[2017.08.12-01.05.17:783][174]LogModuleManager: Shutting down and abandoning module PackagesDialog (384)
[2017.08.12-01.05.17:783][174]LogModuleManager: Shutting down and abandoning module Persona (382)
[2017.08.12-01.05.17:783][174]LogModuleManager: Shutting down and abandoning module AdvancedPreviewScene (381)
[2017.08.12-01.05.17:783][174]LogModuleManager: Shutting down and abandoning module AnimGraph (379)
[2017.08.12-01.05.17:783][174]LogModuleManager: Shutting down and abandoning module Kismet (376)
[2017.08.12-01.05.17:790][174]LogModuleManager: Shutting down and abandoning module ClassViewer (374)
[2017.08.12-01.05.17:791][174]LogModuleManager: Shutting down and abandoning module Toolbox (372)
[2017.08.12-01.05.17:791][174]LogModuleManager: Shutting down and abandoning module ModuleUI (370)
[2017.08.12-01.05.17:791][174]LogModuleManager: Shutting down and abandoning module MovieSceneTools (368)
[2017.08.12-01.05.17:791][174]LogModuleManager: Shutting down and abandoning module OutputLog (366)
[2017.08.12-01.05.17:791][174]LogModuleManager: Shutting down and abandoning module GammaUI (364)
[2017.08.12-01.05.17:791][174]LogModuleManager: Shutting down and abandoning module Documentation (362)
[2017.08.12-01.05.17:791][174]LogModuleManager: Shutting down and abandoning module MovieSceneTracks (360)
[2017.08.12-01.05.17:791][174]LogModuleManager: Shutting down and abandoning module MovieScene (358)
[2017.08.12-01.05.17:791][174]LogModuleManager: Shutting down and abandoning module Niagara (356)
[2017.08.12-01.05.17:791][174]LogModuleManager: Shutting down and abandoning module NiagaraEditor (355)
[2017.08.12-01.05.17:791][174]LogModuleManager: Shutting down and abandoning module StreamingPauseRendering (352)
[2017.08.12-01.05.17:791][174]LogModuleManager: Shutting down and abandoning module LauncherPlatform (350)
[2017.08.12-01.05.17:791][174]LogModuleManager: Shutting down and abandoning module AnalyticsET (348)
[2017.08.12-01.05.17:791][174]LogModuleManager: Shutting down and abandoning module PortalServices (346)
[2017.08.12-01.05.17:791][174]LogModuleManager: Shutting down and abandoning module PortalRpc (344)
[2017.08.12-01.05.17:792][174]LogModuleManager: Shutting down and abandoning module MessagingRpc (342)
[2017.08.12-01.05.17:792][174]LogModuleManager: Shutting down and abandoning module AIModule (340)
[2017.08.12-01.05.17:792][174]LogModuleManager: Shutting down and abandoning module GameplayDebugger (339)
[2017.08.12-01.05.17:792][174]LogModuleManager: Shutting down and abandoning module AITestSuite (337)
[2017.08.12-01.05.17:792][174]LogModuleManager: Shutting down and abandoning module ProfilerService (334)
[2017.08.12-01.05.17:909][174]LogModuleManager: Shutting down and abandoning module TaskGraph (332)
[2017.08.12-01.05.17:909][174]LogModuleManager: Shutting down and abandoning module SteamVRController (330)
[2017.08.12-01.05.17:909][174]LogModuleManager: Shutting down and abandoning module ProceduralMeshComponentEditor (328)
[2017.08.12-01.05.17:909][174]LogModuleManager: Shutting down and abandoning module ProceduralMeshComponent (326)
[2017.08.12-01.05.17:909][174]LogModuleManager: Shutting down and abandoning module OculusInput (324)
[2017.08.12-01.05.17:909][174]LogModuleManager: Shutting down and abandoning module MobilePatchingUtils (322)
[2017.08.12-01.05.17:909][174]LogModuleManager: Shutting down and abandoning module CustomMeshComponent (320)
[2017.08.12-01.05.17:909][174]LogModuleManager: Shutting down and abandoning module CableComponent (318)
[2017.08.12-01.05.17:909][174]LogModuleManager: Shutting down and abandoning module ArchVisCharacter (316)
[2017.08.12-01.05.17:909][174]LogModuleManager: Shutting down and abandoning module AndroidPermission (314)
[2017.08.12-01.05.17:909][174]LogModuleManager: Shutting down and abandoning module MediaPlayerEditor (310)
[2017.08.12-01.05.17:909][174]LogModuleManager: Shutting down and abandoning module HTML5Networking (308)
[2017.08.12-01.05.17:909][174]LogModuleManager: Shutting down and abandoning module AlembicImporter (306)
[2017.08.12-01.05.17:909][174]LogModuleManager: Shutting down and abandoning module AlembicLibrary (305)
[2017.08.12-01.05.17:909][174]LogModuleManager: Shutting down and abandoning module GeometryCache (304)
[2017.08.12-01.05.17:909][174]LogModuleManager: Shutting down and abandoning module GeometryCacheEd (303)
[2017.08.12-01.05.17:909][174]LogModuleManager: Shutting down and abandoning module SpeedTreeImporter (298)
[2017.08.12-01.05.17:909][174]LogModuleManager: Shutting down and abandoning module PluginBrowser (296)
[2017.08.12-01.05.17:910][174]LogModuleManager: Shutting down and abandoning module MobileLauncherProfileWizard (294)
[2017.08.12-01.05.17:910][174]LogModuleManager: Shutting down and abandoning module VisualStudioSourceCodeAccess (292)
[2017.08.12-01.05.17:910][174]LogModuleManager: Shutting down and abandoning module DesktopPlatform (291)
[2017.08.12-01.05.17:910][174]LogModuleManager: Shutting down and abandoning module UObjectPlugin (288)
[2017.08.12-01.05.17:910][174]LogModuleManager: Shutting down and abandoning module SubversionSourceControl (286)
[2017.08.12-01.05.17:910][174]LogModuleManager: Shutting down and abandoning module PerforceSourceControl (284)
[2017.08.12-01.05.17:910][174]LogModuleManager: Shutting down and abandoning module GitSourceControl (282)
[2017.08.12-01.05.17:910][174]LogModuleManager: Shutting down and abandoning module SourceControl (281)
[2017.08.12-01.05.17:910][174]LogModuleManager: Shutting down and abandoning module LightPropagationVolumeEditor (278)
[2017.08.12-01.05.17:910][174]LogModuleManager: Shutting down and abandoning module PaperTiledImporter (276)
[2017.08.12-01.05.17:910][174]LogModuleManager: Shutting down and abandoning module PaperSpriteSheetImporter (274)
[2017.08.12-01.05.17:910][174]LogModuleManager: Shutting down and abandoning module Paper2DEditor (272)
[2017.08.12-01.05.17:910][174]LogModuleManager: Shutting down and abandoning module MeshPaint (271)
[2017.08.12-01.05.17:910][174]LogModuleManager: Shutting down and abandoning module LevelEditor (269)
[2017.08.12-01.05.17:910][174]LogModuleManager: Shutting down and abandoning module PixelInspectorModule (268)
[2017.08.12-01.05.17:911][174]LogModuleManager: Shutting down and abandoning module MainFrame (266)
[2017.08.12-01.05.17:911][174]LogModuleManager: Shutting down and abandoning module HotReload (265)
[2017.08.12-01.05.17:911][174]LogModuleManager: Shutting down and abandoning module RuntimePhysXCooking (260)
[2017.08.12-01.05.17:911][174]LogModuleManager: Shutting down and abandoning module PhysXVehiclesEditor (258)
[2017.08.12-01.05.17:911][174]LogModuleManager: Shutting down and abandoning module PhysXVehicles (256)
[2017.08.12-01.05.17:911][174]LogModuleManager: Shutting down and abandoning module OculusEditor (254)
[2017.08.12-01.05.17:911][174]LogModuleManager: Shutting down and abandoning module LocationServicesBPLibrary (252)
[2017.08.12-01.05.17:911][174]LogModuleManager: Shutting down and abandoning module ImmediatePhysicsEditor (250)
[2017.08.12-01.05.17:911][174]LogModuleManager: Shutting down and abandoning module ImmediatePhysics (248)
[2017.08.12-01.05.17:911][174]LogModuleManager: Shutting down and abandoning module UdpMessaging (246)
[2017.08.12-01.05.18:013][174]LogModuleManager: Shutting down and abandoning module TcpMessaging (244)
[2017.08.12-01.05.18:113][174]LogModuleManager: Shutting down and abandoning module GameplayTagsEditor (242)
[2017.08.12-01.05.18:113][174]LogModuleManager: Shutting down and abandoning module FacialAnimationEditor (240)
[2017.08.12-01.05.18:113][174]LogModuleManager: Shutting down and abandoning module FacialAnimation (238)
[2017.08.12-01.05.18:113][174]LogModuleManager: Shutting down and abandoning module AssetManagerEditor (236)
[2017.08.12-01.05.18:113][174]LogModuleManager: Shutting down and abandoning module GraphEditor (235)
[2017.08.12-01.05.18:113][174]LogModuleManager: Shutting down and abandoning module ContentBrowser (233)
[2017.08.12-01.05.18:115][174]LogModuleManager: Shutting down and abandoning module LightPropagationVolumeRuntime (230)
[2017.08.12-01.05.18:115][174]LogModuleManager: Shutting down and abandoning module Paper2D (228)
[2017.08.12-01.05.18:115][174]LogModuleManager: Shutting down and abandoning module WindowsMoviePlayer (226)
[2017.08.12-01.05.18:115][174]LogModuleManager: Shutting down and abandoning module WmfMedia (224)
[2017.08.12-01.05.18:115][174]LogModuleManager: Shutting down and abandoning module PacketHandler (222)
[2017.08.12-01.05.18:115][174]LogModuleManager: Shutting down and abandoning module ClothingSystemEditor (220)
[2017.08.12-01.05.18:115][174]LogModuleManager: Shutting down and abandoning module ClothingSystemRuntime (218)
[2017.08.12-01.05.18:115][174]LogModuleManager: Shutting down and abandoning module Overlay (216)
[2017.08.12-01.05.18:115][174]LogModuleManager: Shutting down and abandoning module OverlayEditor (215)
[2017.08.12-01.05.18:115][174]LogModuleManager: Shutting down and abandoning module MediaAssets (212)
[2017.08.12-01.05.18:115][174]LogModuleManager: Shutting down and abandoning module VREditor (210)
[2017.08.12-01.05.18:115][174]LogModuleManager: Shutting down and abandoning module StringTableEditor (208)
[2017.08.12-01.05.18:115][174]LogModuleManager: Shutting down and abandoning module GameplayTasksEditor (206)
[2017.08.12-01.05.18:115][174]LogModuleManager: Shutting down and abandoning module BehaviorTreeEditor (204)
[2017.08.12-01.05.18:115][174]LogModuleManager: Shutting down and abandoning module FunctionalTesting (202)
[2017.08.12-01.05.18:115][174]LogModuleManager: Shutting down and abandoning module CollisionAnalyzer (200)
[2017.08.12-01.05.18:115][174]LogModuleManager: Shutting down and abandoning module WorkspaceMenuStructure (199)
[2017.08.12-01.05.18:115][174]LogModuleManager: Shutting down and abandoning module UMG (196)
[2017.08.12-01.05.18:116][174]LogModuleManager: Shutting down and abandoning module UMGEditor (195)
[2017.08.12-01.05.18:116][174]LogModuleManager: Shutting down and abandoning module Sequencer (194)
[2017.08.12-01.05.18:116][174]LogModuleManager: Shutting down and abandoning module MessageLog (191)
[2017.08.12-01.05.18:116][174]LogModuleManager: Shutting down and abandoning module SlateReflector (186)
[2017.08.12-01.05.18:116][174]LogModuleManager: Shutting down and abandoning module Slate (184)
[2017.08.12-01.05.18:116][174]LogModuleManager: Shutting down and abandoning module EditorStyle (182)
[2017.08.12-01.05.18:117][174]LogModuleManager: Shutting down and abandoning module MRMesh (180)
[2017.08.12-01.05.18:117][174]LogModuleManager: Shutting down and abandoning module SourceCodeAccess (178)
[2017.08.12-01.05.18:117][174]LogModuleManager: Shutting down and abandoning module HeadMountedDisplay (176)
[2017.08.12-01.05.18:117][174]LogModuleManager: Shutting down and abandoning module XAudio2 (174)
[2017.08.12-01.05.18:117][174]LogModuleManager: Shutting down and abandoning module Networking (172)
[2017.08.12-01.05.18:117][174]LogModuleManager: Shutting down and abandoning module Core (168)
[2017.08.12-01.05.18:118][174]LogModuleManager: Shutting down and abandoning module KismetCompiler (164)
[2017.08.12-01.05.18:118][174]LogModuleManager: Shutting down and abandoning module LevelSequence (162)
[2017.08.12-01.05.18:118][174]LogModuleManager: Shutting down and abandoning module MeshUtilities (160)
[2017.08.12-01.05.18:118][174]LogModuleManager: Shutting down and abandoning module MeshMergeUtilities (159)
[2017.08.12-01.05.18:118][174]LogModuleManager: Shutting down and abandoning module MeshReductionInterface (158)
[2017.08.12-01.05.18:118][174]LogModuleManager: Shutting down and abandoning module SimplygonSwarm (157)
[2017.08.12-01.05.18:118][174]LogModuleManager: Shutting down and abandoning module SimplygonMeshReduction (155)
[2017.08.12-01.05.18:118][174]LogModuleManager: Shutting down and abandoning module QuadricMeshReduction (153)
[2017.08.12-01.05.18:118][174]LogModuleManager: Shutting down and abandoning module MaterialBaking (149)
[2017.08.12-01.05.18:118][174]LogModuleManager: Shutting down and abandoning module DirectoryWatcher (146)
[2017.08.12-01.05.18:118][174]LogModuleManager: Shutting down and abandoning module DerivedDataCache (144)
[2017.08.12-01.05.18:170][174]LogDerivedDataCache: Shutdown
[2017.08.12-01.05.18:170][174]LogModuleManager: Shutting down and abandoning module TargetPlatform (142)
[2017.08.12-01.05.18:170][174]LogModuleManager: Shutting down and abandoning module VulkanShaderFormat (141)
[2017.08.12-01.05.18:170][174]LogModuleManager: Shutting down and abandoning module ShaderFormatVectorVM (139)
[2017.08.12-01.05.18:170][174]LogModuleManager: Shutting down and abandoning module ShaderFormatOpenGL (137)
[2017.08.12-01.05.18:170][174]LogModuleManager: Shutting down and abandoning module ShaderFormatD3D (135)
[2017.08.12-01.05.18:170][174]LogModuleManager: Shutting down and abandoning module MetalShaderFormat (133)
[2017.08.12-01.05.18:170][174]LogModuleManager: Shutting down and abandoning module TextureFormatUncompressed (131)
[2017.08.12-01.05.18:170][174]LogModuleManager: Shutting down and abandoning module TextureFormatPVR (129)
[2017.08.12-01.05.18:170][174]LogModuleManager: Shutting down and abandoning module TextureFormatDXT (127)
[2017.08.12-01.05.18:170][174]LogModuleManager: Shutting down and abandoning module TextureFormatIntelISPCTexComp (125)
[2017.08.12-01.05.18:170][174]LogModuleManager: Shutting down and abandoning module TextureFormatASTC (123)
[2017.08.12-01.05.18:170][174]LogModuleManager: Shutting down and abandoning module ImageWrapper (122)
[2017.08.12-01.05.18:170][174]LogModuleManager: Shutting down and abandoning module TextureFormatAndroid (119)
[2017.08.12-01.05.18:170][174]LogModuleManager: Shutting down and abandoning module AudioFormatOpus (117)
[2017.08.12-01.05.18:170][174]LogModuleManager: Shutting down and abandoning module AudioFormatOgg (115)
[2017.08.12-01.05.18:170][174]LogModuleManager: Shutting down and abandoning module AudioFormatADPCM (113)
[2017.08.12-01.05.18:170][174]LogModuleManager: Shutting down and abandoning module LinuxTargetPlatform (111)
[2017.08.12-01.05.18:170][174]LogModuleManager: Shutting down and abandoning module LinuxServerTargetPlatform (109)
[2017.08.12-01.05.18:170][174]LogModuleManager: Shutting down and abandoning module LinuxNoEditorTargetPlatform (107)
[2017.08.12-01.05.18:170][174]LogModuleManager: Shutting down and abandoning module LinuxClientTargetPlatform (105)
[2017.08.12-01.05.18:171][174]LogModuleManager: Shutting down and abandoning module TVOSTargetPlatform (103)
[2017.08.12-01.05.18:171][174]LogModuleManager: Shutting down and abandoning module Messaging (101)
[2017.08.12-01.05.18:171][174]LogModuleManager: Shutting down and abandoning module IOSTargetPlatform (99)
[2017.08.12-01.05.18:171][174]LogModuleManager: Shutting down and abandoning module HTML5TargetPlatform (97)
[2017.08.12-01.05.18:171][174]LogModuleManager: Shutting down and abandoning module Android_PVRTCTargetPlatform (95)
[2017.08.12-01.05.18:171][174]LogModuleManager: Shutting down and abandoning module Android_MultiTargetPlatform (93)
[2017.08.12-01.05.18:171][174]LogModuleManager: Shutting down and abandoning module Android_ETC2TargetPlatform (91)
[2017.08.12-01.05.18:171][174]LogModuleManager: Shutting down and abandoning module Android_ETC1TargetPlatform (89)
[2017.08.12-01.05.18:171][174]LogModuleManager: Shutting down and abandoning module Android_DXTTargetPlatform (87)
[2017.08.12-01.05.18:171][174]LogModuleManager: Shutting down and abandoning module Android_ATCTargetPlatform (85)
[2017.08.12-01.05.18:171][174]LogModuleManager: Shutting down and abandoning module Android_ASTCTargetPlatform (83)
[2017.08.12-01.05.18:171][174]LogModuleManager: Shutting down and abandoning module AndroidTargetPlatform (81)
[2017.08.12-01.05.18:171][174]LogModuleManager: Shutting down and abandoning module WindowsTargetPlatform (79)
[2017.08.12-01.05.18:171][174]LogModuleManager: Shutting down and abandoning module WindowsServerTargetPlatform (77)
[2017.08.12-01.05.18:171][174]LogModuleManager: Shutting down and abandoning module WindowsNoEditorTargetPlatform (75)
[2017.08.12-01.05.18:171][174]LogModuleManager: Shutting down and abandoning module WindowsClientTargetPlatform (73)
[2017.08.12-01.05.18:171][174]LogModuleManager: Shutting down and abandoning module MacTargetPlatform (71)
[2017.08.12-01.05.18:171][174]LogModuleManager: Shutting down and abandoning module MacServerTargetPlatform (69)
[2017.08.12-01.05.18:171][174]LogModuleManager: Shutting down and abandoning module MacNoEditorTargetPlatform (67)
[2017.08.12-01.05.18:171][174]LogModuleManager: Shutting down and abandoning module MacClientTargetPlatform (65)
[2017.08.12-01.05.18:171][174]LogModuleManager: Shutting down and abandoning module AllDesktopTargetPlatform (63)
[2017.08.12-01.05.18:171][174]LogModuleManager: Shutting down and abandoning module InputCore (60)
[2017.08.12-01.05.18:171][174]LogModuleManager: Shutting down and abandoning module Settings (58)
[2017.08.12-01.05.18:171][174]LogModuleManager: Shutting down and abandoning module PhysXCooking (56)
[2017.08.12-01.05.18:171][174]LogModuleManager: Shutting down and abandoning module SteamVR (54)
[2017.08.12-01.05.18:171][174]LogModuleManager: Shutting down and abandoning module OculusHMD (52)
[2017.08.12-01.05.18:171][174]LogModuleManager: Shutting down and abandoning module ExampleDeviceProfileSelector (50)
[2017.08.12-01.05.18:171][174]LogModuleManager: Shutting down and abandoning module OnlineBlueprintSupport (48)
[2017.08.12-01.05.18:171][174]LogModuleManager: Shutting down and abandoning module OnlineSubsystem (44)
[2017.08.12-01.05.18:171][174]LogOnline: Display: Unloading online subsystem: NULL
[2017.08.12-01.05.18:171][174]LogModuleManager: Shutting down and abandoning module XMPP (43)
[2017.08.12-01.05.18:171][174]LogModuleManager: Shutting down and abandoning module HTTP (41)
[2017.08.12-01.05.18:171][174]LogHttp: Display: Http module shutting down, but needs to wait on 1 outstanding Http requests:
[2017.08.12-01.05.18:171][174]LogHttp: Display: 	verb=[POST] url=[https://datarouter.ol.epicgames.com/datarouter/api/v1/public/data?SessionID=%7B28BA67DC-4B70-1D6A-B782-36B0F2EB0D00%7D&AppID=UEEditor.Rocket.Release&AppVersion=4.17.0-3573198%2B%2B%2BUE4%2BRelease-4.17&UserID=1dce46cc4669c945c14ac68b5e79ab76%7Ca9e37ddc488e463fac92e8640ec44920%7C4cbae16e-6ffd-4ab6-a512-93d0dbb28ea4&AppEnvironment=datacollector-binary&UploadType=eteventstream] status=Processing
[2017.08.12-01.05.18:176][174]LogModuleManager: Shutting down and abandoning module SSL (40)
[2017.08.12-01.05.18:177][174]LogModuleManager: Shutting down and abandoning module AnimationModifiers (36)
[2017.08.12-01.05.18:177][174]LogModuleManager: Shutting down and abandoning module PropertyEditor (35)
[2017.08.12-01.05.18:177][174]LogModuleManager: Shutting down and abandoning module AudioEditor (32)
[2017.08.12-01.05.18:177][174]LogModuleManager: Shutting down and abandoning module TextureCompressor (30)
[2017.08.12-01.05.18:177][174]LogModuleManager: Shutting down and abandoning module ShaderCore (28)
[2017.08.12-01.05.18:177][174]LogModuleManager: Shutting down and abandoning module Landscape (26)
[2017.08.12-01.05.18:177][174]LogModuleManager: Shutting down and abandoning module SlateRHIRenderer (24)
[2017.08.12-01.05.18:178][174]LogModuleManager: Shutting down and abandoning module OpenGLDrv (22)
[2017.08.12-01.05.18:178][174]LogModuleManager: Shutting down and abandoning module D3D11RHI (20)
[2017.08.12-01.05.18:178][174]LogModuleManager: Shutting down and abandoning module AnimGraphRuntime (18)
[2017.08.12-01.05.18:178][174]LogModuleManager: Shutting down and abandoning module Renderer (16)
[2017.08.12-01.05.18:178][174]LogModuleManager: Shutting down and abandoning module Engine (14)
[2017.08.12-01.05.18:178][174]LogModuleManager: Shutting down and abandoning module CoreUObject (12)
[2017.08.12-01.05.18:178][174]LogModuleManager: Shutting down and abandoning module NetworkFile (10)
[2017.08.12-01.05.18:178][174]LogModuleManager: Shutting down and abandoning module CookedIterativeFile (8)
[2017.08.12-01.05.18:178][174]LogModuleManager: Shutting down and abandoning module StreamingFile (6)
[2017.08.12-01.05.18:178][174]LogModuleManager: Shutting down and abandoning module SandboxFile (4)
[2017.08.12-01.05.18:178][174]LogModuleManager: Shutting down and abandoning module PakFile (2)
[2017.08.12-01.05.18:182][174]LogExit: Exiting.
[2017.08.12-01.05.18:190][174]Log file closed, 08/11/17 19:05:18
